<?xml version="1.0" encoding="UTF-8"?>
<!-- Generated by org.testng.reporters.JUnitReportReporter -->
<testsuite hostname="NSPHCB0SG0J3" failures="0" tests="1" name="Task2.Task2" time="56.106" errors="0" timestamp="2025-01-14T13:57:52 SGT" skipped="0">
  <testcase classname="Task2.Task2" name="AmaysimTest" time="56.106"/>
</testsuite> <!-- Task2.Task2 -->
